Vivado Simulator 2018.2
Copyright 1986-1999, 2001-2018 Xilinx, Inc. All Rights Reserved.
Running: C:/Xilinx/Vivado/2018.2/bin/unwrapped/win64.o/xelab.exe -wto c8e87e5ccdc14616990988c76f67745f --incr --debug typical --relax --mt 2 -L xil_defaultlib -L unisims_ver -L unimacro_ver -L secureip --snapshot riscv_tb_behav xil_defaultlib.riscv_tb xil_defaultlib.glbl -log elaborate.log 
Using 2 slave threads.
Starting static elaboration
Completed static elaboration
Starting simulation data flow analysis
Completed simulation data flow analysis
Time Resolution for simulation is 1ps
Compiling module xil_defaultlib.control_unit
Compiling module xil_defaultlib.mux
Compiling module xil_defaultlib.program_counter
Compiling module xil_defaultlib.instruction_memory
Compiling module xil_defaultlib.register_file
Compiling module xil_defaultlib.alu
Compiling module xil_defaultlib.data_memory
Compiling module xil_defaultlib.extend
Compiling module xil_defaultlib.adder
Compiling module xil_defaultlib.datapath
Compiling module xil_defaultlib.riscv_single_cycle
Compiling module xil_defaultlib.riscv_tb
Compiling module xil_defaultlib.glbl
Built simulation snapshot riscv_tb_behav
