INFO: [VRFC 10-2263] Analyzing SystemVerilog file "C:/Users/Saifullah/vivado_files/single_cycle_processor_myself/single_cycle_processor_myself.srcs/sources_1/new/adder.sv" into library xil_defaultlib
INFO: [VRFC 10-311] analyzing module adder
INFO: [VRFC 10-2263] Analyzing SystemVerilog file "C:/Users/Saifullah/vivado_files/single_cycle_processor_myself/single_cycle_processor_myself.srcs/sources_1/new/alu.sv" into library xil_defaultlib
INFO: [VRFC 10-311] analyzing module alu
INFO: [VRFC 10-2263] Analyzing SystemVerilog file "C:/Users/Saifullah/vivado_files/single_cycle_processor_myself/single_cycle_processor_myself.srcs/sources_1/new/control_unit.sv" into library xil_defaultlib
INFO: [VRFC 10-311] analyzing module control_unit
INFO: [VRFC 10-2263] Analyzing SystemVerilog file "C:/Users/Saifullah/vivado_files/single_cycle_processor_myself/single_cycle_processor_myself.srcs/sources_1/new/data_memory.sv" into library xil_defaultlib
INFO: [VRFC 10-311] analyzing module data_memory
INFO: [VRFC 10-2263] Analyzing SystemVerilog file "C:/Users/Saifullah/vivado_files/single_cycle_processor_myself/single_cycle_processor_myself.srcs/sources_1/new/datapath.sv" into library xil_defaultlib
INFO: [VRFC 10-311] analyzing module datapath
INFO: [VRFC 10-2263] Analyzing SystemVerilog file "C:/Users/Saifullah/vivado_files/single_cycle_processor_myself/single_cycle_processor_myself.srcs/sources_1/new/extend.sv" into library xil_defaultlib
INFO: [VRFC 10-311] analyzing module extend
INFO: [VRFC 10-2263] Analyzing SystemVerilog file "C:/Users/Saifullah/vivado_files/single_cycle_processor_myself/single_cycle_processor_myself.srcs/sources_1/new/instruction_memory.sv" into library xil_defaultlib
INFO: [VRFC 10-311] analyzing module instruction_memory
INFO: [VRFC 10-2263] Analyzing SystemVerilog file "C:/Users/Saifullah/vivado_files/single_cycle_processor_myself/single_cycle_processor_myself.srcs/sources_1/new/mux.sv" into library xil_defaultlib
INFO: [VRFC 10-311] analyzing module mux
INFO: [VRFC 10-2263] Analyzing SystemVerilog file "C:/Users/Saifullah/vivado_files/single_cycle_processor_myself/single_cycle_processor_myself.srcs/sources_1/new/program_counter.sv" into library xil_defaultlib
INFO: [VRFC 10-311] analyzing module program_counter
INFO: [VRFC 10-2263] Analyzing SystemVerilog file "C:/Users/Saifullah/vivado_files/single_cycle_processor_myself/single_cycle_processor_myself.srcs/sources_1/new/register_file.sv" into library xil_defaultlib
INFO: [VRFC 10-311] analyzing module register_file
INFO: [VRFC 10-2263] Analyzing SystemVerilog file "C:/Users/Saifullah/vivado_files/single_cycle_processor_myself/single_cycle_processor_myself.srcs/sources_1/new/riscv_single_cycle.sv" into library xil_defaultlib
INFO: [VRFC 10-311] analyzing module riscv_single_cycle
INFO: [VRFC 10-2263] Analyzing SystemVerilog file "C:/Users/Saifullah/vivado_files/single_cycle_processor_myself/single_cycle_processor_myself.srcs/sources_1/new/riscv_tb.sv" into library xil_defaultlib
INFO: [VRFC 10-311] analyzing module riscv_tb
