#-----------------------------------------------------------
# Vivado v2018.2 (64-bit)
# SW Build 2258646 on Thu Jun 14 20:03:12 MDT 2018
# IP Build 2256618 on Thu Jun 14 22:10:49 MDT 2018
# Start of session at: Wed Jul  8 23:04:01 2026
# Process ID: 1740
# Current directory: C:/Users/Saifullah/vivado_files/single_cycle_processor_myself
# Command line: vivado.exe -gui_launcher_event rodinguilauncherevent15432 C:\Users\Saifullah\vivado_files\single_cycle_processor_myself\single_cycle_processor_myself.xpr
# Log file: C:/Users/Saifullah/vivado_files/single_cycle_processor_myself/vivado.log
# Journal file: C:/Users/Saifullah/vivado_files/single_cycle_processor_myself\vivado.jou
#-----------------------------------------------------------
start_gui
open_project C:/Users/Saifullah/vivado_files/single_cycle_processor_myself/single_cycle_processor_myself.xpr
Scanning sources...
Finished scanning sources
INFO: [IP_Flow 19-234] Refreshing IP repositories
INFO: [IP_Flow 19-1704] No user IP repositories specified
INFO: [IP_Flow 19-2313] Loaded Vivado IP repository 'C:/Xilinx/Vivado/2018.2/data/ip'.
open_project: Time (s): cpu = 00:00:08 ; elapsed = 00:00:06 . Memory (MB): peak = 850.938 ; gain = 97.992
update_compile_order -fileset sources_1
launch_simulation
INFO: [Vivado 12-5682] Launching behavioral simulation in 'C:/Users/Saifullah/vivado_files/single_cycle_processor_myself/single_cycle_processor_myself.sim/sim_1/behav/xsim'
INFO: [SIM-utils-51] Simulation object is 'sim_1'
INFO: [SIM-utils-54] Inspecting design source files for 'riscv_tb' in fileset 'sim_1'...
INFO: [SIM-utils-43] Exported 'C:/Users/Saifullah/vivado_files/single_cycle_processor_myself/single_cycle_processor_myself.sim/sim_1/behav/xsim/program.txt'
INFO: [USF-XSim-97] Finding global include files...
INFO: [USF-XSim-98] Fetching design files from 'sim_1'...
INFO: [USF-XSim-2] XSim::Compile design
INFO: [USF-XSim-61] Executing 'COMPILE and ANALYZE' step in 'C:/Users/Saifullah/vivado_files/single_cycle_processor_myself/single_cycle_processor_myself.sim/sim_1/behav/xsim'
"xvlog --incr --relax -prj riscv_tb_vlog.prj"
INFO: [VRFC 10-2263] Analyzing SystemVerilog file "C:/Users/Saifullah/vivado_files/single_cycle_processor_myself/single_cycle_processor_myself.srcs/sources_1/new/adder.sv" into library xil_defaultlib
INFO: [VRFC 10-311] analyzing module adder
INFO: [VRFC 10-2263] Analyzing SystemVerilog file "C:/Users/Saifullah/vivado_files/single_cycle_processor_myself/single_cycle_processor_myself.srcs/sources_1/new/alu.sv" into library xil_defaultlib
INFO: [VRFC 10-311] analyzing module alu
INFO: [VRFC 10-2263] Analyzing SystemVerilog file "C:/Users/Saifullah/vivado_files/single_cycle_processor_myself/single_cycle_processor_myself.srcs/sources_1/new/control_unit.sv" into library xil_defaultlib
INFO: [VRFC 10-311] analyzing module control_unit
INFO: [VRFC 10-2263] Analyzing SystemVerilog file "C:/Users/Saifullah/vivado_files/single_cycle_processor_myself/single_cycle_processor_myself.srcs/sources_1/new/data_memory.sv" into library xil_defaultlib
INFO: [VRFC 10-311] analyzing module data_memory
INFO: [VRFC 10-2263] Analyzing SystemVerilog file "C:/Users/Saifullah/vivado_files/single_cycle_processor_myself/single_cycle_processor_myself.srcs/sources_1/new/datapath.sv" into library xil_defaultlib
INFO: [VRFC 10-311] analyzing module datapath
INFO: [VRFC 10-2263] Analyzing SystemVerilog file "C:/Users/Saifullah/vivado_files/single_cycle_processor_myself/single_cycle_processor_myself.srcs/sources_1/new/extend.sv" into library xil_defaultlib
INFO: [VRFC 10-311] analyzing module extend
INFO: [VRFC 10-2263] Analyzing SystemVerilog file "C:/Users/Saifullah/vivado_files/single_cycle_processor_myself/single_cycle_processor_myself.srcs/sources_1/new/instruction_memory.sv" into library xil_defaultlib
INFO: [VRFC 10-311] analyzing module instruction_memory
INFO: [VRFC 10-2263] Analyzing SystemVerilog file "C:/Users/Saifullah/vivado_files/single_cycle_processor_myself/single_cycle_processor_myself.srcs/sources_1/new/mux.sv" into library xil_defaultlib
INFO: [VRFC 10-311] analyzing module mux
INFO: [VRFC 10-2263] Analyzing SystemVerilog file "C:/Users/Saifullah/vivado_files/single_cycle_processor_myself/single_cycle_processor_myself.srcs/sources_1/new/program_counter.sv" into library xil_defaultlib
INFO: [VRFC 10-311] analyzing module program_counter
INFO: [VRFC 10-2263] Analyzing SystemVerilog file "C:/Users/Saifullah/vivado_files/single_cycle_processor_myself/single_cycle_processor_myself.srcs/sources_1/new/register_file.sv" into library xil_defaultlib
INFO: [VRFC 10-311] analyzing module register_file
INFO: [VRFC 10-2263] Analyzing SystemVerilog file "C:/Users/Saifullah/vivado_files/single_cycle_processor_myself/single_cycle_processor_myself.srcs/sources_1/new/riscv_single_cycle.sv" into library xil_defaultlib
INFO: [VRFC 10-311] analyzing module riscv_single_cycle
INFO: [VRFC 10-2263] Analyzing SystemVerilog file "C:/Users/Saifullah/vivado_files/single_cycle_processor_myself/single_cycle_processor_myself.srcs/sources_1/new/riscv_tb.sv" into library xil_defaultlib
INFO: [VRFC 10-311] analyzing module riscv_tb
INFO: [USF-XSim-69] 'compile' step finished in '1' seconds
INFO: [USF-XSim-3] XSim::Elaborate design
INFO: [USF-XSim-61] Executing 'ELABORATE' step in 'C:/Users/Saifullah/vivado_files/single_cycle_processor_myself/single_cycle_processor_myself.sim/sim_1/behav/xsim'
Vivado Simulator 2018.2
Copyright 1986-1999, 2001-2018 Xilinx, Inc. All Rights Reserved.
Running: C:/Xilinx/Vivado/2018.2/bin/unwrapped/win64.o/xelab.exe -wto c8e87e5ccdc14616990988c76f67745f --incr --debug typical --relax --mt 2 -L xil_defaultlib -L unisims_ver -L unimacro_ver -L secureip --snapshot riscv_tb_behav xil_defaultlib.riscv_tb xil_defaultlib.glbl -log elaborate.log 
Using 2 slave threads.
Starting static elaboration
Completed static elaboration
Starting simulation data flow analysis
Completed simulation data flow analysis
Time Resolution for simulation is 1ps
Compiling module xil_defaultlib.control_unit
Compiling module xil_defaultlib.mux
Compiling module xil_defaultlib.program_counter
Compiling module xil_defaultlib.instruction_memory
Compiling module xil_defaultlib.register_file
Compiling module xil_defaultlib.alu
Compiling module xil_defaultlib.data_memory
Compiling module xil_defaultlib.extend
Compiling module xil_defaultlib.adder
Compiling module xil_defaultlib.datapath
Compiling module xil_defaultlib.riscv_single_cycle
Compiling module xil_defaultlib.riscv_tb
Compiling module xil_defaultlib.glbl
Built simulation snapshot riscv_tb_behav

****** Webtalk v2018.2 (64-bit)
  **** SW Build 2258646 on Thu Jun 14 20:03:12 MDT 2018
  **** IP Build 2256618 on Thu Jun 14 22:10:49 MDT 2018
    ** Copyright 1986-2018 Xilinx, Inc. All Rights Reserved.

source C:/Users/Saifullah/vivado_files/single_cycle_processor_myself/single_cycle_processor_myself.sim/sim_1/behav/xsim/xsim.dir/riscv_tb_behav/webtalk/xsim_webtalk.tcl -notrace
INFO: [Common 17-206] Exiting Webtalk at Wed Jul  8 23:04:42 2026...
run_program: Time (s): cpu = 00:00:00 ; elapsed = 00:00:06 . Memory (MB): peak = 874.527 ; gain = 0.000
INFO: [USF-XSim-69] 'elaborate' step finished in '6' seconds
INFO: [USF-XSim-4] XSim::Simulate design
INFO: [USF-XSim-61] Executing 'SIMULATE' step in 'C:/Users/Saifullah/vivado_files/single_cycle_processor_myself/single_cycle_processor_myself.sim/sim_1/behav/xsim'
INFO: [USF-XSim-98] *** Running xsim
   with args "riscv_tb_behav -key {Behavioral:sim_1:Functional:riscv_tb} -tclbatch {riscv_tb.tcl} -view {C:/Users/Saifullah/vivado_files/single_cycle_processor_myself/riscv_tb_behav.wcfg} -log {simulate.log}"
INFO: [USF-XSim-8] Loading simulator feature
Vivado Simulator 2018.2
Time resolution is 1 ps
open_wave_config C:/Users/Saifullah/vivado_files/single_cycle_processor_myself/riscv_tb_behav.wcfg
source riscv_tb.tcl
# set curr_wave [current_wave_config]
# if { [string length $curr_wave] == 0 } {
#   if { [llength [get_objects]] > 0} {
#     add_wave /
#     set_property needs_save false [current_wave_config]
#   } else {
#      send_msg_id Add_Wave-1 WARNING "No top level signals found. Simulator will start without a wave window. If you want to open a wave window go to 'File->New Waveform Configuration' or type 'create_wave_config' in the TCL console."
#   }
# }
# run 1000ns
$finish called at time : 225 ps : File "C:/Users/Saifullah/vivado_files/single_cycle_processor_myself/single_cycle_processor_myself.srcs/sources_1/new/riscv_tb.sv" Line 43
INFO: [USF-XSim-96] XSim completed. Design snapshot 'riscv_tb_behav' loaded.
INFO: [USF-XSim-97] XSim simulation ran for 1000ns
launch_simulation: Time (s): cpu = 00:00:04 ; elapsed = 00:00:10 . Memory (MB): peak = 895.324 ; gain = 20.797
current_wave_config {riscv_tb_behav.wcfg}
riscv_tb_behav.wcfg
add_wave {{/riscv_tb/uut}} 
save_wave_config {C:/Users/Saifullah/vivado_files/single_cycle_processor_myself/riscv_tb_behav.wcfg}
close_sim
INFO: [Simtcl 6-16] Simulation closed
launch_simulation
INFO: [Vivado 12-5682] Launching behavioral simulation in 'C:/Users/Saifullah/vivado_files/single_cycle_processor_myself/single_cycle_processor_myself.sim/sim_1/behav/xsim'
INFO: [SIM-utils-51] Simulation object is 'sim_1'
INFO: [SIM-utils-54] Inspecting design source files for 'riscv_tb' in fileset 'sim_1'...
INFO: [SIM-utils-43] Exported 'C:/Users/Saifullah/vivado_files/single_cycle_processor_myself/single_cycle_processor_myself.sim/sim_1/behav/xsim/program.txt'
INFO: [USF-XSim-97] Finding global include files...
INFO: [USF-XSim-98] Fetching design files from 'sim_1'...
INFO: [USF-XSim-2] XSim::Compile design
INFO: [USF-XSim-61] Executing 'COMPILE and ANALYZE' step in 'C:/Users/Saifullah/vivado_files/single_cycle_processor_myself/single_cycle_processor_myself.sim/sim_1/behav/xsim'
"xvlog --incr --relax -prj riscv_tb_vlog.prj"
INFO: [VRFC 10-2263] Analyzing SystemVerilog file "C:/Users/Saifullah/vivado_files/single_cycle_processor_myself/single_cycle_processor_myself.srcs/sources_1/new/adder.sv" into library xil_defaultlib
INFO: [VRFC 10-311] analyzing module adder
INFO: [VRFC 10-2263] Analyzing SystemVerilog file "C:/Users/Saifullah/vivado_files/single_cycle_processor_myself/single_cycle_processor_myself.srcs/sources_1/new/alu.sv" into library xil_defaultlib
INFO: [VRFC 10-311] analyzing module alu
INFO: [VRFC 10-2263] Analyzing SystemVerilog file "C:/Users/Saifullah/vivado_files/single_cycle_processor_myself/single_cycle_processor_myself.srcs/sources_1/new/control_unit.sv" into library xil_defaultlib
INFO: [VRFC 10-311] analyzing module control_unit
INFO: [VRFC 10-2263] Analyzing SystemVerilog file "C:/Users/Saifullah/vivado_files/single_cycle_processor_myself/single_cycle_processor_myself.srcs/sources_1/new/data_memory.sv" into library xil_defaultlib
INFO: [VRFC 10-311] analyzing module data_memory
INFO: [VRFC 10-2263] Analyzing SystemVerilog file "C:/Users/Saifullah/vivado_files/single_cycle_processor_myself/single_cycle_processor_myself.srcs/sources_1/new/datapath.sv" into library xil_defaultlib
INFO: [VRFC 10-311] analyzing module datapath
INFO: [VRFC 10-2263] Analyzing SystemVerilog file "C:/Users/Saifullah/vivado_files/single_cycle_processor_myself/single_cycle_processor_myself.srcs/sources_1/new/extend.sv" into library xil_defaultlib
INFO: [VRFC 10-311] analyzing module extend
INFO: [VRFC 10-2263] Analyzing SystemVerilog file "C:/Users/Saifullah/vivado_files/single_cycle_processor_myself/single_cycle_processor_myself.srcs/sources_1/new/instruction_memory.sv" into library xil_defaultlib
INFO: [VRFC 10-311] analyzing module instruction_memory
INFO: [VRFC 10-2263] Analyzing SystemVerilog file "C:/Users/Saifullah/vivado_files/single_cycle_processor_myself/single_cycle_processor_myself.srcs/sources_1/new/mux.sv" into library xil_defaultlib
INFO: [VRFC 10-311] analyzing module mux
INFO: [VRFC 10-2263] Analyzing SystemVerilog file "C:/Users/Saifullah/vivado_files/single_cycle_processor_myself/single_cycle_processor_myself.srcs/sources_1/new/program_counter.sv" into library xil_defaultlib
INFO: [VRFC 10-311] analyzing module program_counter
INFO: [VRFC 10-2263] Analyzing SystemVerilog file "C:/Users/Saifullah/vivado_files/single_cycle_processor_myself/single_cycle_processor_myself.srcs/sources_1/new/register_file.sv" into library xil_defaultlib
INFO: [VRFC 10-311] analyzing module register_file
INFO: [VRFC 10-2263] Analyzing SystemVerilog file "C:/Users/Saifullah/vivado_files/single_cycle_processor_myself/single_cycle_processor_myself.srcs/sources_1/new/riscv_single_cycle.sv" into library xil_defaultlib
INFO: [VRFC 10-311] analyzing module riscv_single_cycle
INFO: [VRFC 10-2263] Analyzing SystemVerilog file "C:/Users/Saifullah/vivado_files/single_cycle_processor_myself/single_cycle_processor_myself.srcs/sources_1/new/riscv_tb.sv" into library xil_defaultlib
INFO: [VRFC 10-311] analyzing module riscv_tb
INFO: [USF-XSim-69] 'compile' step finished in '1' seconds
INFO: [USF-XSim-3] XSim::Elaborate design
INFO: [USF-XSim-61] Executing 'ELABORATE' step in 'C:/Users/Saifullah/vivado_files/single_cycle_processor_myself/single_cycle_processor_myself.sim/sim_1/behav/xsim'
Vivado Simulator 2018.2
Copyright 1986-1999, 2001-2018 Xilinx, Inc. All Rights Reserved.
Running: C:/Xilinx/Vivado/2018.2/bin/unwrapped/win64.o/xelab.exe -wto c8e87e5ccdc14616990988c76f67745f --incr --debug typical --relax --mt 2 -L xil_defaultlib -L unisims_ver -L unimacro_ver -L secureip --snapshot riscv_tb_behav xil_defaultlib.riscv_tb xil_defaultlib.glbl -log elaborate.log 
Using 2 slave threads.
Starting static elaboration
Completed static elaboration
Starting simulation data flow analysis
Completed simulation data flow analysis
Time Resolution for simulation is 1ps
Compiling module xil_defaultlib.control_unit
Compiling module xil_defaultlib.mux
Compiling module xil_defaultlib.program_counter
Compiling module xil_defaultlib.instruction_memory
Compiling module xil_defaultlib.register_file
Compiling module xil_defaultlib.alu
Compiling module xil_defaultlib.data_memory
Compiling module xil_defaultlib.extend
Compiling module xil_defaultlib.adder
Compiling module xil_defaultlib.datapath
Compiling module xil_defaultlib.riscv_single_cycle
Compiling module xil_defaultlib.riscv_tb
Compiling module xil_defaultlib.glbl
Built simulation snapshot riscv_tb_behav
INFO: [USF-XSim-69] 'elaborate' step finished in '1' seconds
INFO: [USF-XSim-4] XSim::Simulate design
INFO: [USF-XSim-61] Executing 'SIMULATE' step in 'C:/Users/Saifullah/vivado_files/single_cycle_processor_myself/single_cycle_processor_myself.sim/sim_1/behav/xsim'
INFO: [USF-XSim-98] *** Running xsim
   with args "riscv_tb_behav -key {Behavioral:sim_1:Functional:riscv_tb} -tclbatch {riscv_tb.tcl} -view {C:/Users/Saifullah/vivado_files/single_cycle_processor_myself/riscv_tb_behav.wcfg} -log {simulate.log}"
INFO: [USF-XSim-8] Loading simulator feature
Vivado Simulator 2018.2
Time resolution is 1 ps
open_wave_config C:/Users/Saifullah/vivado_files/single_cycle_processor_myself/riscv_tb_behav.wcfg
source riscv_tb.tcl
# set curr_wave [current_wave_config]
# if { [string length $curr_wave] == 0 } {
#   if { [llength [get_objects]] > 0} {
#     add_wave /
#     set_property needs_save false [current_wave_config]
#   } else {
#      send_msg_id Add_Wave-1 WARNING "No top level signals found. Simulator will start without a wave window. If you want to open a wave window go to 'File->New Waveform Configuration' or type 'create_wave_config' in the TCL console."
#   }
# }
# run 1000ns
$finish called at time : 225 ps : File "C:/Users/Saifullah/vivado_files/single_cycle_processor_myself/single_cycle_processor_myself.srcs/sources_1/new/riscv_tb.sv" Line 43
INFO: [USF-XSim-96] XSim completed. Design snapshot 'riscv_tb_behav' loaded.
INFO: [USF-XSim-97] XSim simulation ran for 1000ns
remove_forces { {/riscv_tb/uut/Instr} }
save_wave_config {C:/Users/Saifullah/vivado_files/single_cycle_processor_myself/riscv_tb_behav.wcfg}
